<?xml version="1.0" encoding="utf-8"?><testsuites><testsuite name="pytest" errors="0" failures="0" skipped="0" tests="6" time="97.707" timestamp="2025-02-20T18:34:19.881891" hostname="DESKTOP-RN8VVKA"><testcase classname="test_HomePage.TestHomePage" name="test_formSubmission" time="19.751" /><testcase classname="test_HomePagewithDictionary.TestHomePage" name="test_formSubmission[getData0]" time="14.178" /><testcase classname="test_HomePagewithDictionary.TestHomePage" name="test_formSubmission[getData1]" time="8.536" /><testcase classname="test_HomePagewithparams.TestHomePage" name="test_formSubmission[getData0]" time="12.141" /><testcase classname="test_HomePagewithparams.TestHomePage" name="test_formSubmission[getData1]" time="9.453" /><testcase classname="test_e2e.Testone" name="test_e2e" time="33.515" /></testsuite></testsuites>